<?xml version="1.0" encoding="UTF-8"?>
<!-- Generated by org.testng.reporters.JUnitXMLReporter -->
<testsuite hostname="BLR2T2WSF045" ignored="0" name="Test" tests="1" failures="0" timestamp="12 Oct 2018 14:45:12 GMT" time="172.175" errors="0">
  <testcase name="@BeforeTest LaunchBrowser" time="172.152" classname="basic_Config.BrowserInitiated">
    <failure type="java.lang.OutOfMemoryError" message="Java heap space">
      <![CDATA[java.lang.OutOfMemoryError: Java heap space
at java.util.Arrays.copyOfRange(Unknown Source)
at java.lang.String.<init>(Unknown Source)
at java.lang.String.substring(Unknown Source)
at org.apache.xerces.dom.DeferredAttrNSImpl.synchronizeData(Unknown Source)
at org.apache.xerces.dom.AttrImpl.getSpecified(Unknown Source)
at org.apache.xerces.dom.DeferredElementNSImpl.synchronizeData(Unknown Source)
at org.apache.xerces.dom.ElementNSImpl.getNamespaceURI(Unknown Source)
at org.apache.xmlbeans.impl.store.Locale.loadNode(Locale.java:1420)
at org.apache.xmlbeans.impl.store.Locale.loadNodeChildren(Locale.java:1403)
at org.apache.xmlbeans.impl.store.Locale.loadNode(Locale.java:1445)
at org.apache.xmlbeans.impl.store.Locale.loadNodeChildren(Locale.java:1403)
at org.apache.xmlbeans.impl.store.Locale.loadNode(Locale.java:1445)
at org.apache.xmlbeans.impl.store.Locale.parseToXmlObject(Locale.java:1385)
at org.apache.xmlbeans.impl.store.Locale.parseToXmlObject(Locale.java:1370)
at org.apache.xmlbeans.impl.schema.SchemaTypeLoaderBase.parse(SchemaTypeLoaderBase.java:370)
at org.apache.poi.POIXMLTypeLoader.parse(POIXMLTypeLoader.java:164)
at org.openxmlformats.schemas.spreadsheetml.x2006.main.WorksheetDocument$Factory.parse(Unknown Source)
at org.apache.poi.xssf.usermodel.XSSFSheet.read(XSSFSheet.java:226)
at org.apache.poi.xssf.usermodel.XSSFSheet.onDocumentRead(XSSFSheet.java:218)
at org.apache.poi.xssf.usermodel.XSSFWorkbook.parseSheet(XSSFWorkbook.java:443)
at org.apache.poi.xssf.usermodel.XSSFWorkbook.onDocumentRead(XSSFWorkbook.java:408)
at org.apache.poi.POIXMLDocument.load(POIXMLDocument.java:169)
at org.apache.poi.xssf.usermodel.XSSFWorkbook.<init>(XSSFWorkbook.java:300)
at excelLibrary.ExcelReader.<init>(ExcelReader.java:24)
at basic_Config.BrowserInitiated.LaunchBrowser(BrowserInitiated.java:78)
... Removed 7 stack frames]]>
    </failure>
  </testcase> <!-- @BeforeTest LaunchBrowser -->
  <testcase name="@BeforeMethod ExcelLoad" time="0.0" classname="basic_Config.BrowserInitiated">
    <skipped/>
  </testcase> <!-- @BeforeMethod ExcelLoad -->
  <testcase name="@AfterMethod endLogger" time="0.0" classname="basic_Config.BrowserInitiated">
    <skipped/>
  </testcase> <!-- @AfterMethod endLogger -->
  <testcase name="@AfterTest CloseBrowser" time="0.0" classname="basic_Config.BrowserInitiated">
    <skipped/>
  </testcase> <!-- @AfterTest CloseBrowser -->
  <testcase name="newBatch" time="0.0" classname="coding.CreateBatch">
    <skipped/>
  </testcase> <!-- newBatch -->
</testsuite> <!-- Test -->
